<?xml version="1.0" encoding="UTF-8"?>
<!-- Generated by org.testng.reporters.JUnitXMLReporter -->
<testsuite hostname="DESKTOP-NM05SVP" name="Create Lead Test" tests="2" failures="0" timestamp="25 May 2018 01:35:15 GMT" time="0.134" errors="0">
  <testcase name="createLead" time="0.001" classname="com.zoho.testcases.CreateLeadTest">
    <skipped/>
  </testcase> <!-- createLead -->
  <testcase name="createLead" time="0.001" classname="com.zoho.testcases.CreateLeadTest">
    <skipped/>
  </testcase> <!-- createLead -->
</testsuite> <!-- Create Lead Test -->
