<?xml version="1.0" encoding="UTF-8"?>
<!-- Generated by org.testng.reporters.JUnitXMLReporter -->
<testsuite hostname="DESKTOP-NM05SVP" name="Login Test" tests="2" failures="0" timestamp="29 May 2018 01:42:13 GMT" time="0.985" errors="0">
  <testcase name="doLogin" time="0.013" classname="com.zoho.testcases.LoginTest">
    <skipped/>
  </testcase> <!-- doLogin -->
  <testcase name="doLogin" time="0.002" classname="com.zoho.testcases.LoginTest">
    <skipped/>
  </testcase> <!-- doLogin -->
</testsuite> <!-- Login Test -->
