<?xml version="1.0" encoding="UTF-8"?>
<!-- Generated by org.testng.reporters.JUnitXMLReporter -->
<testsuite hostname="DESKTOP-NM05SVP" name="Login Test" tests="2" failures="1" timestamp="25 May 2018 01:35:15 GMT" time="73.234" errors="0">
  <testcase name="doLogin" time="70.653" classname="com.zoho.testcases.LoginTest">
    <failure type="java.lang.AssertionError" message="Got actual result as LoginSuccess">
      <![CDATA[java.lang.AssertionError: Got actual result as LoginSuccess
	at com.zoho.pages.base.BasePage.reportFailure(BasePage.java:69)
	at com.zoho.testcases.LoginTest.doLogin(LoginTest.java:60)
... Removed 24 stack frames]]>
    </failure>
  </testcase> <!-- doLogin -->
  <testcase name="doLogin" time="0.001" classname="com.zoho.testcases.LoginTest">
    <skipped/>
  </testcase> <!-- doLogin -->
</testsuite> <!-- Login Test -->
